# Logfile created on Fri Nov 13 16:03:20 +0200 2009

Processing MainController#rankings (for 127.0.0.1 at 2009-11-13 16:03:34) [GET]
Rendering template within layouts/main
Rendering main/rankings
Completed in 1182ms (View: 20, DB: 81) | 200 OK [http://localhost/main/rankings]


Processing MainController#rankings (for 127.0.0.1 at 2009-11-13 16:03:36) [GET]
Rendering template within layouts/main
Rendering main/rankings
Completed in 1062ms (View: 5, DB: 70) | 200 OK [http://localhost/main/rankings]


Processing MainController#rankings (for 127.0.0.1 at 2009-11-13 16:03:38) [GET]
Rendering template within layouts/main
Rendering main/rankings
Completed in 1238ms (View: 5, DB: 71) | 200 OK [http://localhost/main/rankings]


Processing MainController#rankings (for 127.0.0.1 at 2009-11-13 16:03:40) [GET]
Rendering template within layouts/main
Rendering main/rankings
Completed in 1089ms (View: 5, DB: 72) | 200 OK [http://localhost/main/rankings]


Processing MainController#rankings (for 127.0.0.1 at 2009-11-13 16:03:42) [GET]
Rendering template within layouts/main
Rendering main/rankings
Completed in 1176ms (View: 5, DB: 70) | 200 OK [http://localhost/main/rankings]


Processing MainController#rankings (for 127.0.0.1 at 2009-11-13 16:03:44) [GET]
Rendering template within layouts/main
Rendering main/rankings
Completed in 1071ms (View: 5, DB: 78) | 200 OK [http://localhost/main/rankings]


Processing MainController#rankings (for 127.0.0.1 at 2009-11-13 16:03:48) [GET]
Rendering template within layouts/main
Rendering main/rankings
Completed in 1195ms (View: 5, DB: 76) | 200 OK [http://localhost/main/rankings]


Processing MainController#rankings (for 127.0.0.1 at 2009-11-13 16:04:01) [GET]
Rendering template within layouts/main
Rendering main/rankings
Completed in 1087ms (View: 5, DB: 69) | 200 OK [http://localhost/main/rankings]


Processing MainController#rankings (for 127.0.0.1 at 2009-11-13 16:04:10) [GET]
Rendering template within layouts/main
Rendering main/rankings
Completed in 1174ms (View: 14, DB: 102) | 200 OK [http://localhost/main/rankings]


Processing MainController#rankings (for 127.0.0.1 at 2009-11-13 16:04:22) [GET]
Rendering template within layouts/main
Rendering main/rankings
Completed in 1200ms (View: 5, DB: 27) | 200 OK [http://localhost/main/rankings]


Processing MainController#rankings (for 127.0.0.1 at 2009-11-13 16:04:24) [GET]
Rendering template within layouts/main
Rendering main/rankings
Completed in 1096ms (View: 5, DB: 17) | 200 OK [http://localhost/main/rankings]


Processing MainController#rankings (for 127.0.0.1 at 2009-11-13 16:04:26) [GET]
Rendering template within layouts/main
Rendering main/rankings
Completed in 1043ms (View: 5, DB: 17) | 200 OK [http://localhost/main/rankings]


Processing MainController#rankings (for 127.0.0.1 at 2009-11-13 16:04:28) [GET]
Rendering template within layouts/main
Rendering main/rankings
Completed in 1142ms (View: 5, DB: 17) | 200 OK [http://localhost/main/rankings]


Processing MainController#rankings (for 127.0.0.1 at 2009-11-13 16:04:30) [GET]
Rendering template within layouts/main
Rendering main/rankings
Completed in 1041ms (View: 5, DB: 18) | 200 OK [http://localhost/main/rankings]


Processing MainController#rankings (for 127.0.0.1 at 2009-11-13 16:04:31) [GET]
Rendering template within layouts/main
Rendering main/rankings
Completed in 1112ms (View: 6, DB: 16) | 200 OK [http://localhost/main/rankings]


Processing MainController#rankings (for 127.0.0.1 at 2009-11-13 16:04:33) [GET]
Rendering template within layouts/main
Rendering main/rankings
Completed in 1040ms (View: 5, DB: 17) | 200 OK [http://localhost/main/rankings]


Processing MainController#rankings (for 127.0.0.1 at 2009-11-13 16:04:35) [GET]
Rendering template within layouts/main
Rendering main/rankings
Completed in 1082ms (View: 5, DB: 16) | 200 OK [http://localhost/main/rankings]


Processing MainController#rankings (for 127.0.0.1 at 2009-11-13 16:04:37) [GET]
Rendering template within layouts/main
Rendering main/rankings
Completed in 1006ms (View: 5, DB: 18) | 200 OK [http://localhost/main/rankings]


Processing MainController#rankings (for 127.0.0.1 at 2009-11-13 16:04:38) [GET]
Rendering template within layouts/main
Rendering main/rankings
Completed in 971ms (View: 7, DB: 17) | 200 OK [http://localhost/main/rankings]


Processing MainController#rankings (for 127.0.0.1 at 2009-11-13 16:04:39) [GET]
Rendering template within layouts/main
Rendering main/rankings
Completed in 984ms (View: 5, DB: 16) | 200 OK [http://localhost/main/rankings]


Processing MainController#rankings (for 127.0.0.1 at 2009-11-13 16:05:01) [GET]
Rendering template within layouts/main
Rendering main/rankings
Completed in 1958ms (View: 14, DB: 469) | 200 OK [http://localhost/main/rankings]


Processing MainController#rankings (for 127.0.0.1 at 2009-11-13 16:05:04) [GET]
Rendering template within layouts/main
Rendering main/rankings
Completed in 1483ms (View: 5, DB: 46) | 200 OK [http://localhost/main/rankings]


Processing MainController#rankings (for 127.0.0.1 at 2009-11-13 16:05:06) [GET]
Rendering template within layouts/main
Rendering main/rankings
Completed in 1554ms (View: 5, DB: 46) | 200 OK [http://localhost/main/rankings]


Processing MainController#rankings (for 127.0.0.1 at 2009-11-13 16:05:09) [GET]
Rendering template within layouts/main
Rendering main/rankings
Completed in 1561ms (View: 5, DB: 44) | 200 OK [http://localhost/main/rankings]


Processing MainController#rankings (for 127.0.0.1 at 2009-11-13 16:05:11) [GET]
Rendering template within layouts/main
Rendering main/rankings
Completed in 1549ms (View: 5, DB: 44) | 200 OK [http://localhost/main/rankings]


Processing MainController#rankings (for 127.0.0.1 at 2009-11-13 16:05:14) [GET]
Rendering template within layouts/main
Rendering main/rankings
Completed in 1571ms (View: 5, DB: 45) | 200 OK [http://localhost/main/rankings]


Processing MainController#rankings (for 127.0.0.1 at 2009-11-13 16:05:16) [GET]
Rendering template within layouts/main
Rendering main/rankings
Completed in 1580ms (View: 5, DB: 47) | 200 OK [http://localhost/main/rankings]


Processing MainController#rankings (for 127.0.0.1 at 2009-11-13 16:05:20) [GET]
Rendering template within layouts/main
Rendering main/rankings
Completed in 1576ms (View: 5, DB: 43) | 200 OK [http://localhost/main/rankings]


Processing MainController#rankings (for 127.0.0.1 at 2009-11-13 16:05:23) [GET]
Rendering template within layouts/main
Rendering main/rankings
Completed in 1580ms (View: 5, DB: 44) | 200 OK [http://localhost/main/rankings]


Processing MainController#rankings (for 127.0.0.1 at 2009-11-13 16:05:25) [GET]
Rendering template within layouts/main
Rendering main/rankings
Completed in 1563ms (View: 5, DB: 43) | 200 OK [http://localhost/main/rankings]


Processing MainController#index (for 127.0.0.1 at 2009-11-13 16:05:45) [GET]
Rendering template within layouts/main
Rendering main/index
Completed in 1169ms (View: 16, DB: 28) | 200 OK [http://localhost/]


Processing MainController#rankings (for 127.0.0.1 at 2009-11-13 16:05:48) [GET]
Rendering template within layouts/main
Rendering main/rankings
Completed in 1095ms (View: 6, DB: 16) | 200 OK [http://localhost/main/rankings]


Processing MainController#rankings (for 127.0.0.1 at 2009-11-13 16:05:51) [GET]
Rendering template within layouts/main
Rendering main/rankings
Completed in 1112ms (View: 5, DB: 16) | 200 OK [http://localhost/main/rankings]


Processing MainController#rankings (for 127.0.0.1 at 2009-11-13 16:05:53) [GET]
Rendering template within layouts/main
Rendering main/rankings
Completed in 1152ms (View: 6, DB: 33) | 200 OK [http://localhost/main/rankings]


Processing MainController#rankings (for 127.0.0.1 at 2009-11-13 16:05:54) [GET]
Rendering template within layouts/main
Rendering main/rankings
Completed in 1063ms (View: 5, DB: 15) | 200 OK [http://localhost/main/rankings]


Processing MainController#rankings (for 127.0.0.1 at 2009-11-13 16:05:56) [GET]
Rendering template within layouts/main
Rendering main/rankings
Completed in 1012ms (View: 5, DB: 25) | 200 OK [http://localhost/main/rankings]


Processing MainController#rankings (for 127.0.0.1 at 2009-11-13 16:05:58) [GET]
Rendering template within layouts/main
Rendering main/rankings
Completed in 1133ms (View: 5, DB: 18) | 200 OK [http://localhost/main/rankings]


Processing MainController#rankings (for 127.0.0.1 at 2009-11-13 16:06:00) [GET]
Rendering template within layouts/main
Rendering main/rankings
Completed in 1139ms (View: 5, DB: 16) | 200 OK [http://localhost/main/rankings]


Processing MainController#rankings (for 127.0.0.1 at 2009-11-13 16:06:15) [GET]
Rendering template within layouts/main
Rendering main/rankings
Completed in 1257ms (View: 14, DB: 128) | 200 OK [http://localhost/main/rankings]


Processing MainController#rankings (for 127.0.0.1 at 2009-11-13 16:06:17) [GET]
Rendering template within layouts/main
Rendering main/rankings
Completed in 1134ms (View: 5, DB: 21) | 200 OK [http://localhost/main/rankings]


Processing MainController#rankings (for 127.0.0.1 at 2009-11-13 16:06:19) [GET]
Rendering template within layouts/main
Rendering main/rankings
Completed in 1158ms (View: 5, DB: 21) | 200 OK [http://localhost/main/rankings]


Processing MainController#rankings (for 127.0.0.1 at 2009-11-13 16:06:23) [GET]
Rendering template within layouts/main
Rendering main/rankings
Completed in 1214ms (View: 5, DB: 23) | 200 OK [http://localhost/main/rankings]


Processing MainController#rankings (for 127.0.0.1 at 2009-11-13 16:06:26) [GET]
Rendering template within layouts/main
Rendering main/rankings
Completed in 1224ms (View: 5, DB: 21) | 200 OK [http://localhost/main/rankings]


Processing MainController#rankings (for 127.0.0.1 at 2009-11-13 16:17:21) [GET]
Rendering template within layouts/main
Rendering main/rankings
Completed in 1186ms (View: 14, DB: 51) | 200 OK [http://localhost/main/rankings]


Processing MainController#rankings (for 127.0.0.1 at 2009-11-13 16:17:24) [GET]
Rendering template within layouts/main
Rendering main/rankings
Completed in 1151ms (View: 5, DB: 22) | 200 OK [http://localhost/main/rankings]


Processing MainController#rankings (for 127.0.0.1 at 2009-11-13 16:17:26) [GET]
Rendering template within layouts/main
Rendering main/rankings
Completed in 1167ms (View: 5, DB: 22) | 200 OK [http://localhost/main/rankings]


Processing MainController#rankings (for 127.0.0.1 at 2009-11-13 16:17:29) [GET]
Rendering template within layouts/main
Rendering main/rankings
Completed in 1195ms (View: 5, DB: 21) | 200 OK [http://localhost/main/rankings]


Processing MainController#rankings (for 127.0.0.1 at 2009-11-13 16:17:47) [GET]
Rendering template within layouts/main
Rendering main/rankings
Completed in 1158ms (View: 14, DB: 29) | 200 OK [http://localhost/main/rankings]


Processing MainController#rankings (for 127.0.0.1 at 2009-11-13 16:17:50) [GET]
Rendering template within layouts/main
Rendering main/rankings
Completed in 1148ms (View: 5, DB: 21) | 200 OK [http://localhost/main/rankings]


Processing MainController#rankings (for 127.0.0.1 at 2009-11-13 16:18:31) [GET]
Rendering template within layouts/main
Rendering main/rankings
Completed in 1178ms (View: 14, DB: 48) | 200 OK [http://localhost/main/rankings]


Processing MainController#rankings (for 127.0.0.1 at 2009-11-13 16:18:33) [GET]
Rendering template within layouts/main
Rendering main/rankings
Completed in 1163ms (View: 6, DB: 22) | 200 OK [http://localhost/main/rankings]


Processing MainController#rankings (for 127.0.0.1 at 2009-11-13 16:18:36) [GET]
Rendering template within layouts/main
Rendering main/rankings
Completed in 1183ms (View: 5, DB: 22) | 200 OK [http://localhost/main/rankings]


Processing MainController#index (for 127.0.0.1 at 2009-11-13 17:03:47) [GET]
  Parameters: {"action"=>"index", "controller"=>"main"}
Rendering template within layouts/main
Rendering main/index
Completed in 1466ms (View: 15, DB: 18) | 200 OK [http://localhost/]


Processing MainController#index (for 127.0.0.1 at 2009-11-13 17:03:49) [GET]
  Parameters: {"action"=>"index", "controller"=>"main"}
Rendering template within layouts/main
Rendering main/index
Completed in 1455ms (View: 4, DB: 11) | 200 OK [http://localhost/]


Processing MainController#index (for 127.0.0.1 at 2009-11-13 17:03:52) [GET]
  Parameters: {"action"=>"index", "controller"=>"main"}
Rendering template within layouts/main
Rendering main/index
Completed in 1493ms (View: 4, DB: 10) | 200 OK [http://localhost/]


Processing MainController#index (for 127.0.0.1 at 2009-11-13 17:03:54) [GET]
  Parameters: {"action"=>"index", "controller"=>"main"}
Rendering template within layouts/main
Rendering main/index
Completed in 1538ms (View: 4, DB: 10) | 200 OK [http://localhost/]


Processing MainController#index (for 127.0.0.1 at 2009-11-13 17:04:53) [GET]
  Parameters: {"action"=>"index", "controller"=>"main"}
Rendering template within layouts/main
Rendering main/index
Completed in 1573ms (View: 4, DB: 10) | 200 OK [http://localhost/]


Processing MainController#index (for 127.0.0.1 at 2009-11-13 17:04:59) [GET]
  Parameters: {"action"=>"index", "controller"=>"main"}

NoMethodError (undefined method `[]' for #<Class:0x103594828>):
  app/controllers/main_controller.rb:9:in `index'

Rendering rescues/layout (internal_server_error)


Processing MainController#index (for 127.0.0.1 at 2009-11-13 17:05:20) [GET]
  Parameters: {"action"=>"index", "controller"=>"main"}
Rendering template within layouts/main
Rendering main/index
Completed in 1457ms (View: 15, DB: 20) | 200 OK [http://localhost/]


Processing MainController#index (for 127.0.0.1 at 2009-11-13 17:05:22) [GET]
  Parameters: {"action"=>"index", "controller"=>"main"}
Rendering template within layouts/main
Rendering main/index
Completed in 1445ms (View: 4, DB: 10) | 200 OK [http://localhost/]


Processing MainController#index (for 127.0.0.1 at 2009-11-13 17:05:45) [GET]
  Parameters: {"action"=>"index", "controller"=>"main"}

NoMethodError (undefined method `<=>' for nil:NilClass):
  app/controllers/main_controller.rb:87:in `<=>'
  app/controllers/main_controller.rb:87:in `calc_rankings'
  app/controllers/main_controller.rb:86:in `sort!'
  app/controllers/main_controller.rb:86:in `calc_rankings'
  app/controllers/main_controller.rb:9:in `index'

Rendering rescues/layout (internal_server_error)


Processing MainController#index (for 127.0.0.1 at 2009-11-13 17:06:05) [GET]
  Parameters: {"action"=>"index", "controller"=>"main"}

NoMethodError (undefined method `<=>' for nil:NilClass):
  app/controllers/main_controller.rb:87:in `<=>'
  app/controllers/main_controller.rb:87:in `calc_rankings'
  app/controllers/main_controller.rb:86:in `sort!'
  app/controllers/main_controller.rb:86:in `calc_rankings'
  app/controllers/main_controller.rb:9:in `index'

Rendering rescues/layout (internal_server_error)


Processing MainController#index (for 127.0.0.1 at 2009-11-13 17:06:11) [GET]
  Parameters: {"action"=>"index", "controller"=>"main"}
Rendering template within layouts/main
Rendering main/index
Completed in 1180ms (View: 15, DB: 16) | 200 OK [http://localhost/]


Processing MainController#index (for 127.0.0.1 at 2009-11-13 17:06:13) [GET]
  Parameters: {"action"=>"index", "controller"=>"main"}
Rendering template within layouts/main
Rendering main/index
Completed in 1161ms (View: 4, DB: 10) | 200 OK [http://localhost/]


Processing MainController#index (for 127.0.0.1 at 2009-11-13 17:06:15) [GET]
  Parameters: {"action"=>"index", "controller"=>"main"}
Rendering template within layouts/main
Rendering main/index
Completed in 1117ms (View: 4, DB: 10) | 200 OK [http://localhost/]


Processing MainController#index (for 127.0.0.1 at 2009-11-13 17:06:30) [GET]
  Parameters: {"action"=>"index", "controller"=>"main"}
Rendering template within layouts/main
Rendering main/index
Completed in 304ms (View: 16, DB: 11) | 200 OK [http://localhost/]


Processing MainController#index (for 127.0.0.1 at 2009-11-13 17:06:32) [GET]
  Parameters: {"action"=>"index", "controller"=>"main"}
Rendering template within layouts/main
Rendering main/index
Completed in 265ms (View: 4, DB: 6) | 200 OK [http://localhost/]


Processing MainController#index (for 127.0.0.1 at 2009-11-13 17:06:40) [GET]
  Parameters: {"action"=>"index", "controller"=>"main"}
Rendering template within layouts/main
Rendering main/index
Completed in 276ms (View: 4, DB: 7) | 200 OK [http://localhost/]


Processing MainController#index (for 127.0.0.1 at 2009-11-13 17:06:46) [GET]
  Parameters: {"action"=>"index", "controller"=>"main"}
Rendering template within layouts/main
Rendering main/index
Completed in 1177ms (View: 15, DB: 16) | 200 OK [http://localhost/]


Processing MainController#index (for 127.0.0.1 at 2009-11-13 17:06:49) [GET]
  Parameters: {"action"=>"index", "controller"=>"main"}
Rendering template within layouts/main
Rendering main/index
Completed in 1172ms (View: 4, DB: 10) | 200 OK [http://localhost/]


Processing MainController#rankings (for 127.0.0.1 at 2009-11-13 17:07:47) [GET]
  Parameters: {"action"=>"rankings", "controller"=>"main"}
Rendering template within layouts/main
Rendering main/rankings
Completed in 1111ms (View: 6, DB: 9) | 200 OK [http://localhost/main/rankings]


Processing MainController#index (for 127.0.0.1 at 2009-11-13 17:14:54) [GET]
  Parameters: {"action"=>"index", "controller"=>"main"}
Rendering template within layouts/main
Rendering main/index
Completed in 989ms (View: 15, DB: 15) | 200 OK [http://localhost/]


Processing MainController#rankings (for 127.0.0.1 at 2009-11-13 17:14:59) [GET]
  Parameters: {"action"=>"rankings", "controller"=>"main"}
Rendering template within layouts/main
Rendering main/rankings
Completed in 938ms (View: 6, DB: 7) | 200 OK [http://localhost/main/rankings]


Processing MainController#rankings (for 127.0.0.1 at 2009-11-13 17:15:00) [GET]
  Parameters: {"action"=>"rankings", "controller"=>"main"}
Rendering template within layouts/main
Rendering main/rankings
Completed in 957ms (View: 5, DB: 6) | 200 OK [http://localhost/main/rankings]


Processing MainController#rankings (for 127.0.0.1 at 2009-11-13 17:15:02) [GET]
  Parameters: {"action"=>"rankings", "controller"=>"main"}
Rendering template within layouts/main
Rendering main/rankings
Completed in 980ms (View: 5, DB: 6) | 200 OK [http://localhost/main/rankings]


Processing MainController#rankings (for 127.0.0.1 at 2009-11-13 17:15:05) [GET]
  Parameters: {"action"=>"rankings", "controller"=>"main"}
Rendering template within layouts/main
Rendering main/rankings
Completed in 999ms (View: 5, DB: 6) | 200 OK [http://localhost/main/rankings]


Processing MainController#rankings (for 127.0.0.1 at 2009-11-13 17:15:06) [GET]
  Parameters: {"action"=>"rankings", "controller"=>"main"}
Rendering template within layouts/main
Rendering main/rankings
Completed in 986ms (View: 5, DB: 7) | 200 OK [http://localhost/main/rankings]


Processing MainController#rankings (for 127.0.0.1 at 2009-11-13 17:15:08) [GET]
  Parameters: {"action"=>"rankings", "controller"=>"main"}
Rendering template within layouts/main
Rendering main/rankings
Completed in 1066ms (View: 5, DB: 7) | 200 OK [http://localhost/main/rankings]


Processing MainController#rankings (for 127.0.0.1 at 2009-11-13 17:15:09) [GET]
  Parameters: {"action"=>"rankings", "controller"=>"main"}
Rendering template within layouts/main
Rendering main/rankings
Completed in 988ms (View: 5, DB: 6) | 200 OK [http://localhost/main/rankings]


Processing MainController#rankings (for 127.0.0.1 at 2009-11-13 17:15:11) [GET]
  Parameters: {"action"=>"rankings", "controller"=>"main"}
Rendering template within layouts/main
Rendering main/rankings
Completed in 989ms (View: 5, DB: 6) | 200 OK [http://localhost/main/rankings]


Processing MainController#rankings (for 127.0.0.1 at 2009-11-13 17:15:12) [GET]
  Parameters: {"action"=>"rankings", "controller"=>"main"}
Rendering template within layouts/main
Rendering main/rankings
Completed in 990ms (View: 5, DB: 6) | 200 OK [http://localhost/main/rankings]


Processing MainController#rankings (for 127.0.0.1 at 2009-11-13 17:15:13) [GET]
  Parameters: {"action"=>"rankings", "controller"=>"main"}
Rendering template within layouts/main
Rendering main/rankings
Completed in 987ms (View: 5, DB: 7) | 200 OK [http://localhost/main/rankings]


Processing MainController#rankings (for 127.0.0.1 at 2009-11-13 17:15:15) [GET]
  Parameters: {"action"=>"rankings", "controller"=>"main"}
Rendering template within layouts/main
Rendering main/rankings
Completed in 928ms (View: 5, DB: 7) | 200 OK [http://localhost/main/rankings]


Processing MainController#rankings (for 127.0.0.1 at 2009-11-13 17:15:16) [GET]
  Parameters: {"action"=>"rankings", "controller"=>"main"}
Rendering template within layouts/main
Rendering main/rankings
Completed in 955ms (View: 5, DB: 6) | 200 OK [http://localhost/main/rankings]


Processing MainController#rankings (for 127.0.0.1 at 2009-11-13 17:15:17) [GET]
  Parameters: {"action"=>"rankings", "controller"=>"main"}
Rendering template within layouts/main
Rendering main/rankings
Completed in 976ms (View: 5, DB: 6) | 200 OK [http://localhost/main/rankings]


Processing MainController#rankings (for 127.0.0.1 at 2009-11-13 17:15:20) [GET]
  Parameters: {"action"=>"rankings", "controller"=>"main"}
Rendering template within layouts/main
Rendering main/rankings
Completed in 1000ms (View: 5, DB: 7) | 200 OK [http://localhost/main/rankings]


Processing MainController#index (for 127.0.0.1 at 2009-11-13 17:15:39) [GET]
  Parameters: {"action"=>"index", "controller"=>"main"}
Rendering template within layouts/main
Rendering main/index
Completed in 1046ms (View: 15, DB: 16) | 200 OK [http://localhost/]


Processing MainController#rankings (for 127.0.0.1 at 2009-11-13 17:15:41) [GET]
  Parameters: {"action"=>"rankings", "controller"=>"main"}
Rendering template within layouts/main
Rendering main/rankings
Completed in 955ms (View: 6, DB: 9) | 200 OK [http://localhost/main/rankings]


Processing MainController#rankings (for 127.0.0.1 at 2009-11-13 17:15:43) [GET]
  Parameters: {"action"=>"rankings", "controller"=>"main"}
Rendering template within layouts/main
Rendering main/rankings
Completed in 969ms (View: 5, DB: 9) | 200 OK [http://localhost/main/rankings]


Processing MainController#rankings (for 127.0.0.1 at 2009-11-13 17:15:44) [GET]
  Parameters: {"action"=>"rankings", "controller"=>"main"}
Rendering template within layouts/main
Rendering main/rankings
Completed in 1084ms (View: 87, DB: 10) | 200 OK [http://localhost/main/rankings]


Processing MainController#rankings (for 127.0.0.1 at 2009-11-13 17:15:45) [GET]
  Parameters: {"action"=>"rankings", "controller"=>"main"}
Rendering template within layouts/main
Rendering main/rankings
Completed in 1000ms (View: 5, DB: 10) | 200 OK [http://localhost/main/rankings]


Processing MainController#rankings (for 127.0.0.1 at 2009-11-13 17:15:47) [GET]
  Parameters: {"action"=>"rankings", "controller"=>"main"}
Rendering template within layouts/main
Rendering main/rankings
Completed in 997ms (View: 5, DB: 9) | 200 OK [http://localhost/main/rankings]


Processing MainController#rankings (for 127.0.0.1 at 2009-11-13 17:15:49) [GET]
  Parameters: {"action"=>"rankings", "controller"=>"main"}
Rendering template within layouts/main
Rendering main/rankings
Completed in 1080ms (View: 92, DB: 9) | 200 OK [http://localhost/main/rankings]


Processing MainController#rankings (for 127.0.0.1 at 2009-11-13 17:15:51) [GET]
  Parameters: {"action"=>"rankings", "controller"=>"main"}
Rendering template within layouts/main
Rendering main/rankings
Completed in 1027ms (View: 5, DB: 9) | 200 OK [http://localhost/main/rankings]


Processing MainController#rankings (for 127.0.0.1 at 2009-11-13 17:15:53) [GET]
  Parameters: {"action"=>"rankings", "controller"=>"main"}
Rendering template within layouts/main
Rendering main/rankings
Completed in 1027ms (View: 5, DB: 9) | 200 OK [http://localhost/main/rankings]


Processing MainController#rankings (for 127.0.0.1 at 2009-11-13 17:15:55) [GET]
  Parameters: {"action"=>"rankings", "controller"=>"main"}
Rendering template within layouts/main
Rendering main/rankings
Completed in 1128ms (View: 7, DB: 9) | 200 OK [http://localhost/main/rankings]


Processing MainController#rankings (for 127.0.0.1 at 2009-11-13 17:15:57) [GET]
  Parameters: {"action"=>"rankings", "controller"=>"main"}
Rendering template within layouts/main
Rendering main/rankings
Completed in 1045ms (View: 5, DB: 9) | 200 OK [http://localhost/main/rankings]


Processing MainController#index (for 127.0.0.1 at 2009-11-13 17:16:38) [GET]
  Parameters: {"action"=>"index", "controller"=>"main"}
Rendering template within layouts/main
Rendering main/index
Completed in 1033ms (View: 4, DB: 10) | 200 OK [http://localhost/]


Processing MainController#rankings (for 127.0.0.1 at 2009-11-13 17:16:40) [GET]
  Parameters: {"action"=>"rankings", "controller"=>"main"}
Rendering template within layouts/main
Rendering main/rankings
Completed in 1136ms (View: 5, DB: 10) | 200 OK [http://localhost/main/rankings]


Processing MainController#rankings (for 127.0.0.1 at 2009-11-13 17:16:43) [GET]
  Parameters: {"action"=>"rankings", "controller"=>"main"}
Rendering template within layouts/main
Rendering main/rankings
Completed in 1077ms (View: 5, DB: 9) | 200 OK [http://localhost/main/rankings]


Processing MainController#rankings (for 127.0.0.1 at 2009-11-13 17:16:45) [GET]
  Parameters: {"action"=>"rankings", "controller"=>"main"}
Rendering template within layouts/main
Rendering main/rankings
Completed in 1042ms (View: 5, DB: 9) | 200 OK [http://localhost/main/rankings]


Processing MainController#rankings (for 127.0.0.1 at 2009-11-13 17:16:46) [GET]
  Parameters: {"action"=>"rankings", "controller"=>"main"}
Rendering template within layouts/main
Rendering main/rankings
Completed in 1135ms (View: 5, DB: 9) | 200 OK [http://localhost/main/rankings]


Processing MainController#rankings (for 127.0.0.1 at 2009-11-13 17:16:48) [GET]
  Parameters: {"action"=>"rankings", "controller"=>"main"}
Rendering template within layouts/main
Rendering main/rankings
Completed in 1043ms (View: 5, DB: 9) | 200 OK [http://localhost/main/rankings]


Processing MainController#index (for 127.0.0.1 at 2009-11-13 17:19:53) [GET]
  Parameters: {"action"=>"index", "controller"=>"main"}
Rendering template within layouts/main
Rendering main/index
Completed in 1061ms (View: 15, DB: 17) | 200 OK [http://localhost/]


Processing MainController#rankings (for 127.0.0.1 at 2009-11-13 17:20:01) [GET]
  Parameters: {"action"=>"rankings", "controller"=>"main"}
Rendering template within layouts/main
Rendering main/rankings
Completed in 979ms (View: 6, DB: 9) | 200 OK [http://localhost/main/rankings]


Processing MainController#rankings (for 127.0.0.1 at 2009-11-13 17:20:04) [GET]
  Parameters: {"action"=>"rankings", "controller"=>"main"}
Rendering template within layouts/main
Rendering main/rankings
Completed in 964ms (View: 5, DB: 9) | 200 OK [http://localhost/main/rankings]


Processing MainController#rankings (for 127.0.0.1 at 2009-11-13 17:20:05) [GET]
  Parameters: {"action"=>"rankings", "controller"=>"main"}
Rendering template within layouts/main
Rendering main/rankings
Completed in 1068ms (View: 86, DB: 9) | 200 OK [http://localhost/main/rankings]


Processing MainController#rankings (for 127.0.0.1 at 2009-11-13 17:20:07) [GET]
  Parameters: {"action"=>"rankings", "controller"=>"main"}
Rendering template within layouts/main
Rendering main/rankings
Completed in 1002ms (View: 5, DB: 9) | 200 OK [http://localhost/main/rankings]


Processing MainController#rankings (for 127.0.0.1 at 2009-11-13 17:20:08) [GET]
  Parameters: {"action"=>"rankings", "controller"=>"main"}
Rendering template within layouts/main
Rendering main/rankings
Completed in 997ms (View: 5, DB: 9) | 200 OK [http://localhost/main/rankings]


Processing MainController#rankings (for 127.0.0.1 at 2009-11-13 17:20:09) [GET]
  Parameters: {"action"=>"rankings", "controller"=>"main"}
Rendering template within layouts/main
Rendering main/rankings
Completed in 1078ms (View: 5, DB: 9) | 200 OK [http://localhost/main/rankings]


Processing MainController#rankings (for 127.0.0.1 at 2009-11-13 17:20:12) [GET]
  Parameters: {"action"=>"rankings", "controller"=>"main"}
Rendering template within layouts/main
Rendering main/rankings
Completed in 1001ms (View: 5, DB: 9) | 200 OK [http://localhost/main/rankings]


Processing MainController#rankings (for 127.0.0.1 at 2009-11-13 17:20:16) [GET]
  Parameters: {"action"=>"rankings", "controller"=>"main"}
Rendering template within layouts/main
Rendering main/rankings
Completed in 1003ms (View: 5, DB: 9) | 200 OK [http://localhost/main/rankings]


Processing MainController#rankings (for 127.0.0.1 at 2009-11-13 17:20:19) [GET]
  Parameters: {"action"=>"rankings", "controller"=>"main"}
Rendering template within layouts/main
Rendering main/rankings
Completed in 1091ms (View: 5, DB: 9) | 200 OK [http://localhost/main/rankings]


Processing MainController#rankings (for 127.0.0.1 at 2009-11-13 17:20:22) [GET]
  Parameters: {"action"=>"rankings", "controller"=>"main"}
Rendering template within layouts/main
Rendering main/rankings
Completed in 1006ms (View: 5, DB: 9) | 200 OK [http://localhost/main/rankings]


Processing MainController#rankings (for 127.0.0.1 at 2009-11-13 17:20:35) [GET]
  Parameters: {"action"=>"rankings", "controller"=>"main"}
Rendering template within layouts/main
Rendering main/rankings
Completed in 1012ms (View: 5, DB: 9) | 200 OK [http://localhost/main/rankings]
